2024-08-29T16:05:07.209+05:30  INFO 19912 --- [P10_Mapping-OnetoOne] [restartedMain] c.a.main.P10MappingOnetoOneApplication   : Starting P10MappingOnetoOneApplication using Java 21.0.3 with PID 19912 (D:\SpringAssignment\P10_Mapping-OnetoOne\target\classes started by Subodh.Magar in D:\SpringAssignment\P10_Mapping-OnetoOne)
2024-08-29T16:05:07.229+05:30  INFO 19912 --- [P10_Mapping-OnetoOne] [restartedMain] c.a.main.P10MappingOnetoOneApplication   : No active profile set, falling back to 1 default profile: "default"
2024-08-29T16:05:07.294+05:30  INFO 19912 --- [P10_Mapping-OnetoOne] [restartedMain] .e.DevToolsPropertyDefaultsPostProcessor : Devtools property defaults active! Set 'spring.devtools.add-properties' to 'false' to disable
2024-08-29T16:05:07.295+05:30  INFO 19912 --- [P10_Mapping-OnetoOne] [restartedMain] .e.DevToolsPropertyDefaultsPostProcessor : For additional web related logging consider setting the 'logging.level.web' property to 'DEBUG'
2024-08-29T16:05:08.071+05:30  INFO 19912 --- [P10_Mapping-OnetoOne] [restartedMain] .s.d.r.c.RepositoryConfigurationDelegate : Bootstrapping Spring Data JPA repositories in DEFAULT mode.
2024-08-29T16:05:08.150+05:30  INFO 19912 --- [P10_Mapping-OnetoOne] [restartedMain] .s.d.r.c.RepositoryConfigurationDelegate : Finished Spring Data repository scanning in 69 ms. Found 3 JPA repository interfaces.
2024-08-29T16:05:08.817+05:30  INFO 19912 --- [P10_Mapping-OnetoOne] [restartedMain] o.s.b.w.embedded.tomcat.TomcatWebServer  : Tomcat initialized with port 8080 (http)
2024-08-29T16:05:08.836+05:30  INFO 19912 --- [P10_Mapping-OnetoOne] [restartedMain] o.apache.catalina.core.StandardService   : Starting service [Tomcat]
2024-08-29T16:05:08.837+05:30  INFO 19912 --- [P10_Mapping-OnetoOne] [restartedMain] o.apache.catalina.core.StandardEngine    : Starting Servlet engine: [Apache Tomcat/10.1.28]
2024-08-29T16:05:08.888+05:30  INFO 19912 --- [P10_Mapping-OnetoOne] [restartedMain] o.a.c.c.C.[Tomcat].[localhost].[/]       : Initializing Spring embedded WebApplicationContext
2024-08-29T16:05:08.888+05:30  INFO 19912 --- [P10_Mapping-OnetoOne] [restartedMain] w.s.c.ServletWebServerApplicationContext : Root WebApplicationContext: initialization completed in 1592 ms
2024-08-29T16:05:09.072+05:30  INFO 19912 --- [P10_Mapping-OnetoOne] [restartedMain] o.hibernate.jpa.internal.util.LogHelper  : HHH000204: Processing PersistenceUnitInfo [name: default]
2024-08-29T16:05:09.138+05:30  INFO 19912 --- [P10_Mapping-OnetoOne] [restartedMain] org.hibernate.Version                    : HHH000412: Hibernate ORM core version 6.5.2.Final
2024-08-29T16:05:09.178+05:30  INFO 19912 --- [P10_Mapping-OnetoOne] [restartedMain] o.h.c.internal.RegionFactoryInitiator    : HHH000026: Second-level cache disabled
2024-08-29T16:05:09.479+05:30  INFO 19912 --- [P10_Mapping-OnetoOne] [restartedMain] o.s.o.j.p.SpringPersistenceUnitInfo      : No LoadTimeWeaver setup: ignoring JPA class transformer
2024-08-29T16:05:09.511+05:30  INFO 19912 --- [P10_Mapping-OnetoOne] [restartedMain] com.zaxxer.hikari.HikariDataSource       : HikariPool-1 - Starting...
2024-08-29T16:05:09.863+05:30  INFO 19912 --- [P10_Mapping-OnetoOne] [restartedMain] com.zaxxer.hikari.pool.HikariPool        : HikariPool-1 - Added connection com.mysql.cj.jdbc.ConnectionImpl@2c9344f6
2024-08-29T16:05:09.866+05:30  INFO 19912 --- [P10_Mapping-OnetoOne] [restartedMain] com.zaxxer.hikari.HikariDataSource       : HikariPool-1 - Start completed.
2024-08-29T16:05:10.851+05:30  INFO 19912 --- [P10_Mapping-OnetoOne] [restartedMain] o.h.e.t.j.p.i.JtaPlatformInitiator       : HHH000489: No JTA platform available (set 'hibernate.transaction.jta.platform' to enable JTA platform integration)
2024-08-29T16:05:10.917+05:30  INFO 19912 --- [P10_Mapping-OnetoOne] [restartedMain] j.LocalContainerEntityManagerFactoryBean : Initialized JPA EntityManagerFactory for persistence unit 'default'
2024-08-29T16:05:11.230+05:30  WARN 19912 --- [P10_Mapping-OnetoOne] [restartedMain] JpaBaseConfiguration$JpaWebConfiguration : spring.jpa.open-in-view is enabled by default. Therefore, database queries may be performed during view rendering. Explicitly configure spring.jpa.open-in-view to disable this warning
2024-08-29T16:05:11.619+05:30  WARN 19912 --- [P10_Mapping-OnetoOne] [restartedMain] .s.s.UserDetailsServiceAutoConfiguration : 

Using generated security password: ac85e66c-555b-434a-8d3e-3021cdddcfb6

This generated password is for development use only. Your security configuration must be updated before running your application in production.

2024-08-29T16:05:11.636+05:30  INFO 19912 --- [P10_Mapping-OnetoOne] [restartedMain] r$InitializeUserDetailsManagerConfigurer : Global AuthenticationManager configured with UserDetailsService bean with name inMemoryUserDetailsManager
2024-08-29T16:05:11.801+05:30  INFO 19912 --- [P10_Mapping-OnetoOne] [restartedMain] o.s.b.d.a.OptionalLiveReloadServer       : LiveReload server is running on port 35729
2024-08-29T16:05:11.839+05:30  INFO 19912 --- [P10_Mapping-OnetoOne] [restartedMain] o.s.b.w.embedded.tomcat.TomcatWebServer  : Tomcat started on port 8080 (http) with context path '/'
2024-08-29T16:05:11.849+05:30  INFO 19912 --- [P10_Mapping-OnetoOne] [restartedMain] c.a.main.P10MappingOnetoOneApplication   : Started P10MappingOnetoOneApplication in 5.035 seconds (process running for 5.663)
2024-08-29T16:06:29.670+05:30  INFO 19912 --- [P10_Mapping-OnetoOne] [http-nio-8080-exec-2] o.a.c.c.C.[Tomcat].[localhost].[/]       : Initializing Spring DispatcherServlet 'dispatcherServlet'
2024-08-29T16:06:29.671+05:30  INFO 19912 --- [P10_Mapping-OnetoOne] [http-nio-8080-exec-2] o.s.web.servlet.DispatcherServlet        : Initializing Servlet 'dispatcherServlet'
2024-08-29T16:06:29.673+05:30  INFO 19912 --- [P10_Mapping-OnetoOne] [http-nio-8080-exec-2] o.s.web.servlet.DispatcherServlet        : Completed initialization in 2 ms
2024-08-29T16:08:52.787+05:30  INFO 19912 --- [P10_Mapping-OnetoOne] [File Watcher] rtingClassPathChangeChangedEventListener : Restarting due to 1 class path change (0 additions, 0 deletions, 1 modification)
2024-08-29T16:08:52.809+05:30  INFO 19912 --- [P10_Mapping-OnetoOne] [Thread-5] j.LocalContainerEntityManagerFactoryBean : Closing JPA EntityManagerFactory for persistence unit 'default'
2024-08-29T16:08:52.815+05:30  INFO 19912 --- [P10_Mapping-OnetoOne] [Thread-5] com.zaxxer.hikari.HikariDataSource       : HikariPool-1 - Shutdown initiated...
2024-08-29T16:08:52.831+05:30  INFO 19912 --- [P10_Mapping-OnetoOne] [Thread-5] com.zaxxer.hikari.HikariDataSource       : HikariPool-1 - Shutdown completed.
2024-08-29T16:08:52.976+05:30  INFO 19912 --- [P10_Mapping-OnetoOne] [restartedMain] c.a.main.P10MappingOnetoOneApplication   : Starting P10MappingOnetoOneApplication using Java 21.0.3 with PID 19912 (D:\SpringAssignment\P10_Mapping-OnetoOne\target\classes started by Subodh.Magar in D:\SpringAssignment\P10_Mapping-OnetoOne)
2024-08-29T16:08:52.976+05:30  INFO 19912 --- [P10_Mapping-OnetoOne] [restartedMain] c.a.main.P10MappingOnetoOneApplication   : No active profile set, falling back to 1 default profile: "default"
2024-08-29T16:08:53.220+05:30  INFO 19912 --- [P10_Mapping-OnetoOne] [restartedMain] .s.d.r.c.RepositoryConfigurationDelegate : Bootstrapping Spring Data JPA repositories in DEFAULT mode.
2024-08-29T16:08:53.254+05:30  INFO 19912 --- [P10_Mapping-OnetoOne] [restartedMain] .s.d.r.c.RepositoryConfigurationDelegate : Finished Spring Data repository scanning in 33 ms. Found 3 JPA repository interfaces.
2024-08-29T16:08:53.368+05:30  INFO 19912 --- [P10_Mapping-OnetoOne] [restartedMain] o.s.b.w.embedded.tomcat.TomcatWebServer  : Tomcat initialized with port 8080 (http)
2024-08-29T16:08:53.369+05:30  INFO 19912 --- [P10_Mapping-OnetoOne] [restartedMain] o.apache.catalina.core.StandardService   : Starting service [Tomcat]
2024-08-29T16:08:53.370+05:30  INFO 19912 --- [P10_Mapping-OnetoOne] [restartedMain] o.apache.catalina.core.StandardEngine    : Starting Servlet engine: [Apache Tomcat/10.1.28]
2024-08-29T16:08:53.403+05:30  INFO 19912 --- [P10_Mapping-OnetoOne] [restartedMain] o.a.c.c.C.[Tomcat].[localhost].[/]       : Initializing Spring embedded WebApplicationContext
2024-08-29T16:08:53.404+05:30  INFO 19912 --- [P10_Mapping-OnetoOne] [restartedMain] w.s.c.ServletWebServerApplicationContext : Root WebApplicationContext: initialization completed in 425 ms
2024-08-29T16:08:53.462+05:30  INFO 19912 --- [P10_Mapping-OnetoOne] [restartedMain] o.hibernate.jpa.internal.util.LogHelper  : HHH000204: Processing PersistenceUnitInfo [name: default]
2024-08-29T16:08:53.466+05:30  INFO 19912 --- [P10_Mapping-OnetoOne] [restartedMain] o.h.c.internal.RegionFactoryInitiator    : HHH000026: Second-level cache disabled
2024-08-29T16:08:53.476+05:30  INFO 19912 --- [P10_Mapping-OnetoOne] [restartedMain] o.s.o.j.p.SpringPersistenceUnitInfo      : No LoadTimeWeaver setup: ignoring JPA class transformer
2024-08-29T16:08:53.477+05:30  INFO 19912 --- [P10_Mapping-OnetoOne] [restartedMain] com.zaxxer.hikari.HikariDataSource       : HikariPool-2 - Starting...
2024-08-29T16:08:53.499+05:30  INFO 19912 --- [P10_Mapping-OnetoOne] [restartedMain] com.zaxxer.hikari.pool.HikariPool        : HikariPool-2 - Added connection com.mysql.cj.jdbc.ConnectionImpl@787fd3d5
2024-08-29T16:08:53.500+05:30  INFO 19912 --- [P10_Mapping-OnetoOne] [restartedMain] com.zaxxer.hikari.HikariDataSource       : HikariPool-2 - Start completed.
2024-08-29T16:08:53.618+05:30  INFO 19912 --- [P10_Mapping-OnetoOne] [restartedMain] o.h.e.t.j.p.i.JtaPlatformInitiator       : HHH000489: No JTA platform available (set 'hibernate.transaction.jta.platform' to enable JTA platform integration)
2024-08-29T16:08:53.649+05:30  INFO 19912 --- [P10_Mapping-OnetoOne] [restartedMain] j.LocalContainerEntityManagerFactoryBean : Initialized JPA EntityManagerFactory for persistence unit 'default'
2024-08-29T16:08:53.743+05:30  WARN 19912 --- [P10_Mapping-OnetoOne] [restartedMain] JpaBaseConfiguration$JpaWebConfiguration : spring.jpa.open-in-view is enabled by default. Therefore, database queries may be performed during view rendering. Explicitly configure spring.jpa.open-in-view to disable this warning
2024-08-29T16:08:53.842+05:30  INFO 19912 --- [P10_Mapping-OnetoOne] [restartedMain] r$InitializeUserDetailsManagerConfigurer : Global AuthenticationManager configured with UserDetailsService bean with name inMemoryUserDetailsManager
2024-08-29T16:08:53.864+05:30  INFO 19912 --- [P10_Mapping-OnetoOne] [restartedMain] o.s.b.d.a.OptionalLiveReloadServer       : LiveReload server is running on port 35729
2024-08-29T16:08:53.877+05:30  INFO 19912 --- [P10_Mapping-OnetoOne] [restartedMain] o.s.b.w.embedded.tomcat.TomcatWebServer  : Tomcat started on port 8080 (http) with context path '/'
2024-08-29T16:08:53.880+05:30  INFO 19912 --- [P10_Mapping-OnetoOne] [restartedMain] c.a.main.P10MappingOnetoOneApplication   : Started P10MappingOnetoOneApplication in 0.934 seconds (process running for 227.694)
2024-08-29T16:08:53.882+05:30  INFO 19912 --- [P10_Mapping-OnetoOne] [restartedMain] .ConditionEvaluationDeltaLoggingListener : Condition evaluation unchanged
2024-08-29T16:09:07.313+05:30  INFO 19912 --- [P10_Mapping-OnetoOne] [http-nio-8080-exec-2] o.a.c.c.C.[Tomcat].[localhost].[/]       : Initializing Spring DispatcherServlet 'dispatcherServlet'
2024-08-29T16:09:07.314+05:30  INFO 19912 --- [P10_Mapping-OnetoOne] [http-nio-8080-exec-2] o.s.web.servlet.DispatcherServlet        : Initializing Servlet 'dispatcherServlet'
2024-08-29T16:09:07.314+05:30  INFO 19912 --- [P10_Mapping-OnetoOne] [http-nio-8080-exec-2] o.s.web.servlet.DispatcherServlet        : Completed initialization in 0 ms
2024-08-29T16:09:27.963+05:30  WARN 19912 --- [P10_Mapping-OnetoOne] [http-nio-8080-exec-5] ration$PageModule$WarningLoggingModifier : Serializing PageImpl instances as-is is not supported, meaning that there is no guarantee about the stability of the resulting JSON structure!
	For a stable JSON structure, please use Spring Data's PagedModel (globally via @EnableSpringDataWebSupport(pageSerializationMode = VIA_DTO))
	or Spring HATEOAS and Spring Data's PagedResourcesAssembler as documented in https://docs.spring.io/spring-data/commons/reference/repositories/core-extensions.html#core.web.pageables.

2024-08-29T16:09:27.997+05:30  WARN 19912 --- [P10_Mapping-OnetoOne] [http-nio-8080-exec-5] .w.s.m.s.DefaultHandlerExceptionResolver : Ignoring exception, response committed already: org.springframework.http.converter.HttpMessageNotWritableException: Could not write JSON: Document nesting depth (1001) exceeds the maximum allowed (1000, from `StreamWriteConstraints.getMaxNestingDepth()`)
2024-08-29T16:09:27.997+05:30  WARN 19912 --- [P10_Mapping-OnetoOne] [http-nio-8080-exec-5] .w.s.m.s.DefaultHandlerExceptionResolver : Resolved [org.springframework.http.converter.HttpMessageNotWritableException: Could not write JSON: Document nesting depth (1001) exceeds the maximum allowed (1000, from `StreamWriteConstraints.getMaxNestingDepth()`)]
